<?xml version="1.0" encoding="UTF-8"?>
<!-- Generated by org.testng.reporters.JUnitReportReporter -->
<testsuite hostname="DESKTOP-QMFKGF1" failures="0" tests="1" name="tests.LoginTesting" time="11.516" errors="0" timestamp="2025-10-02T12:06:06 SGT" skipped="0">
  <testcase classname="tests.LoginTesting" name="Login" time="11.516"/>
</testsuite> <!-- tests.LoginTesting -->
