<?xml version="1.0" encoding="UTF-8"?>
<!-- Generated by org.testng.reporters.JUnitReportReporter -->
<testsuite hostname="DESKTOP-QMFKGF1" failures="0" tests="1" name="MainActions.VodafoneLabelComparer" time="12.253" errors="0" timestamp="2025-10-03T17:06:34 SGT" skipped="0">
  <testcase classname="MainActions.VodafoneLabelComparer" name="CompareUI" time="12.253"/>
</testsuite> <!-- MainActions.VodafoneLabelComparer -->
