<?xml version="1.0" encoding="UTF-8"?>
<!-- Generated by org.testng.reporters.JUnitReportReporter -->
<testsuite hostname="DESKTOP-QMFKGF1" failures="0" tests="1" name="MainActions.CompareUIandAPI" time="13.144" errors="0" timestamp="2025-10-03T22:32:57 SGT" skipped="0">
  <testcase classname="MainActions.CompareUIandAPI" name="testButtonLabelsMatchAPI" time="13.144"/>
</testsuite> <!-- MainActions.CompareUIandAPI -->
