<?xml version="1.0" encoding="UTF-8"?>
<!-- Generated by org.testng.reporters.JUnitReportReporter -->
<testsuite hostname="DESKTOP-QMFKGF1" failures="0" tests="1" name="MainActions.AssertValues" time="30.201" errors="0" timestamp="2025-10-03T22:31:59 SGT" skipped="0">
  <testcase classname="MainActions.AssertValues" name="AssertValues" time="30.201"/>
</testsuite> <!-- MainActions.AssertValues -->
