<?xml version="1.0" encoding="UTF-8"?>
<!-- Generated by org.testng.reporters.JUnitReportReporter -->
<testsuite hostname="DESKTOP-QMFKGF1" failures="0" tests="1" name="MainActions.VodafonePlanCTA" time="16.459" errors="0" timestamp="2025-10-03T19:51:28 SGT" skipped="0">
  <testcase classname="MainActions.VodafonePlanCTA" name="testButtonLabelsMatchAPI" time="16.459"/>
</testsuite> <!-- MainActions.VodafonePlanCTA -->
