<?xml version="1.0" encoding="UTF-8"?>
<!-- Generated by org.testng.reporters.JUnitReportReporter -->
<testsuite hostname="DESKTOP-QMFKGF1" failures="0" tests="1" name="MainActions.DEMOQAActions" time="26.696" errors="1" timestamp="2025-10-03T14:46:59 SGT" skipped="0">
  <testcase classname="MainActions.DEMOQAActions" name="PRACTICEFORM" time="26.696">
    <error message="Error {
  message=&#039;Target page, context or browser has been closed
  name=&#039;TargetClosedError
  stack=&#039;TargetClosedError: Target page, context or browser has been closed
    at PageDispatcher._dispose (C:\Users\CARLOC~1\AppData\Local\Temp\playwright-java-3290158117185149613\package\lib\server\dispatchers\dispatcher.js:105:30)
    at Page.&lt;anonymous&gt; (C:\Users\CARLOC~1\AppData\Local\Temp\playwright-java-3290158117185149613\package\lib\server\dispatchers\pageDispatcher.js:71:12)
    at Page.emit (node:events:518:28)
    at Page._didClose (C:\Users\CARLOC~1\AppData\Local\Temp\playwright-java-3290158117185149613\package\lib\server\page.js:172:10)
    at CRPage.didClose (C:\Users\CARLOC~1\AppData\Local\Temp\playwright-java-3290158117185149613\package\lib\server\chromium\crPage.js:135:16)
    at CRBrowser._onDetachedFromTarget (C:\Users\CARLOC~1\AppData\Local\Temp\playwright-java-3290158117185149613\package\lib\server\chromium\crBrowser.js:183:14)
    at CRSession.emit (node:events:518:28)
    at C:\Users\CARLOC~1\AppData\Local\Temp\playwright-java-3290158117185149613\package\lib\server\chromium\crConnection.js:138:14
}
Call log:
-   - waiting for locator(&quot;//div//input[contains(@id, &#039;hobbies-checkbox-3&#039;)]&quot;)
-     - locator resolved to &lt;input value=&quot;3&quot; type=&quot;checkbox&quot; id=&quot;hobbies-checkbox-3&quot; class=&quot;custom-control-input&quot;/&gt;
-   - attempting click action
-     2 × waiting for element to be visible, enabled and stable
-       - element is visible, enabled and stable
-       - scrolling into view if needed
-       - done scrolling
-       - &lt;label title=&quot;&quot; for=&quot;hobbies-checkbox-3&quot; class=&quot;custom-control-label&quot;&gt;Music&lt;/label&gt; intercepts pointer events
-     - retrying click action
-     - waiting 20ms
-     2 × waiting for element to be visible, enabled and stable
-       - element is visible, enabled and stable
-       - scrolling into view if needed
-       - done scrolling
-       - &lt;label title=&quot;&quot; for=&quot;hobbies-checkbox-3&quot; class=&quot;custom-control-label&quot;&gt;Music&lt;/label&gt; intercepts pointer events
-     - retrying click action
-       - waiting 100ms
-     6 × waiting for element to be visible, enabled and stable
-       - element is visible, enabled and stable
-       - scrolling into view if needed
-       - done scrolling
-       - &lt;label title=&quot;&quot; for=&quot;hobbies-checkbox-3&quot; class=&quot;custom-control-label&quot;&gt;Music&lt;/label&gt; intercepts pointer events
-     - retrying click action
-       - waiting 500ms
" type="com.microsoft.playwright.impl.TargetClosedError">
      <![CDATA[com.microsoft.playwright.impl.TargetClosedError: Error {
  message='Target page, context or browser has been closed
  name='TargetClosedError
  stack='TargetClosedError: Target page, context or browser has been closed
    at PageDispatcher._dispose (C:\Users\CARLOC~1\AppData\Local\Temp\playwright-java-3290158117185149613\package\lib\server\dispatchers\dispatcher.js:105:30)
    at Page.<anonymous> (C:\Users\CARLOC~1\AppData\Local\Temp\playwright-java-3290158117185149613\package\lib\server\dispatchers\pageDispatcher.js:71:12)
    at Page.emit (node:events:518:28)
    at Page._didClose (C:\Users\CARLOC~1\AppData\Local\Temp\playwright-java-3290158117185149613\package\lib\server\page.js:172:10)
    at CRPage.didClose (C:\Users\CARLOC~1\AppData\Local\Temp\playwright-java-3290158117185149613\package\lib\server\chromium\crPage.js:135:16)
    at CRBrowser._onDetachedFromTarget (C:\Users\CARLOC~1\AppData\Local\Temp\playwright-java-3290158117185149613\package\lib\server\chromium\crBrowser.js:183:14)
    at CRSession.emit (node:events:518:28)
    at C:\Users\CARLOC~1\AppData\Local\Temp\playwright-java-3290158117185149613\package\lib\server\chromium\crConnection.js:138:14
}
Call log:
-   - waiting for locator("//div//input[contains(@id, 'hobbies-checkbox-3')]")
-     - locator resolved to <input value="3" type="checkbox" id="hobbies-checkbox-3" class="custom-control-input"/>
-   - attempting click action
-     2 × waiting for element to be visible, enabled and stable
-       - element is visible, enabled and stable
-       - scrolling into view if needed
-       - done scrolling
-       - <label title="" for="hobbies-checkbox-3" class="custom-control-label">Music</label> intercepts pointer events
-     - retrying click action
-     - waiting 20ms
-     2 × waiting for element to be visible, enabled and stable
-       - element is visible, enabled and stable
-       - scrolling into view if needed
-       - done scrolling
-       - <label title="" for="hobbies-checkbox-3" class="custom-control-label">Music</label> intercepts pointer events
-     - retrying click action
-       - waiting 100ms
-     6 × waiting for element to be visible, enabled and stable
-       - element is visible, enabled and stable
-       - scrolling into view if needed
-       - done scrolling
-       - <label title="" for="hobbies-checkbox-3" class="custom-control-label">Music</label> intercepts pointer events
-     - retrying click action
-       - waiting 500ms

at com.microsoft.playwright.impl.WaitableResult.get(WaitableResult.java:54)
at com.microsoft.playwright.impl.ChannelOwner.runUntil(ChannelOwner.java:138)
at com.microsoft.playwright.impl.Connection.sendMessage(Connection.java:131)
at com.microsoft.playwright.impl.ChannelOwner.sendMessage(ChannelOwner.java:124)
at com.microsoft.playwright.impl.FrameImpl.check(FrameImpl.java:222)
at com.microsoft.playwright.impl.LocatorImpl.check(LocatorImpl.java:151)
at com.microsoft.playwright.Locator.check(Locator.java:2387)
at MainActions.DEMOQAActions.PRACTICEFORM(DEMOQAActions.java:184)
at java.base/jdk.internal.reflect.DirectMethodHandleAccessor.invoke(DirectMethodHandleAccessor.java:103)
at java.base/java.lang.reflect.Method.invoke(Method.java:580)
at org.testng.internal.invokers.MethodInvocationHelper.invokeMethod(MethodInvocationHelper.java:141)
at org.testng.internal.invokers.TestInvoker.invokeMethod(TestInvoker.java:687)
at org.testng.internal.invokers.TestInvoker.invokeTestMethod(TestInvoker.java:230)
at org.testng.internal.invokers.MethodRunner.runInSequence(MethodRunner.java:63)
at org.testng.internal.invokers.TestInvoker$MethodInvocationAgent.invoke(TestInvoker.java:995)
at org.testng.internal.invokers.TestInvoker.invokeTestMethods(TestInvoker.java:203)
at org.testng.internal.invokers.TestMethodWorker.invokeTestMethods(TestMethodWorker.java:154)
at org.testng.internal.invokers.TestMethodWorker.run(TestMethodWorker.java:134)
at java.base/java.util.ArrayList.forEach(ArrayList.java:1596)
at org.testng.TestRunner.privateRun(TestRunner.java:741)
at org.testng.TestRunner.run(TestRunner.java:616)
at org.testng.SuiteRunner.runTest(SuiteRunner.java:421)
at org.testng.SuiteRunner.runSequentially(SuiteRunner.java:413)
at org.testng.SuiteRunner.privateRun(SuiteRunner.java:373)
at org.testng.SuiteRunner.run(SuiteRunner.java:312)
at org.testng.SuiteRunnerWorker.runSuite(SuiteRunnerWorker.java:52)
at org.testng.SuiteRunnerWorker.run(SuiteRunnerWorker.java:95)
at org.testng.TestNG.runSuitesSequentially(TestNG.java:1274)
at org.testng.TestNG.runSuitesLocally(TestNG.java:1208)
at org.testng.TestNG.runSuites(TestNG.java:1112)
at org.testng.TestNG.run(TestNG.java:1079)
at org.testng.remote.AbstractRemoteTestNG.run(AbstractRemoteTestNG.java:115)
at org.testng.remote.RemoteTestNG.initAndRun(RemoteTestNG.java:293)
at org.testng.remote.RemoteTestNG.main(RemoteTestNG.java:91)
Caused by: com.microsoft.playwright.impl.TargetClosedError: Error {
  message='Target page, context or browser has been closed
  name='TargetClosedError
  stack='TargetClosedError: Target page, context or browser has been closed
    at PageDispatcher._dispose (C:\Users\CARLOC~1\AppData\Local\Temp\playwright-java-3290158117185149613\package\lib\server\dispatchers\dispatcher.js:105:30)
    at Page.<anonymous> (C:\Users\CARLOC~1\AppData\Local\Temp\playwright-java-3290158117185149613\package\lib\server\dispatchers\pageDispatcher.js:71:12)
    at Page.emit (node:events:518:28)
    at Page._didClose (C:\Users\CARLOC~1\AppData\Local\Temp\playwright-java-3290158117185149613\package\lib\server\page.js:172:10)
    at CRPage.didClose (C:\Users\CARLOC~1\AppData\Local\Temp\playwright-java-3290158117185149613\package\lib\server\chromium\crPage.js:135:16)
    at CRBrowser._onDetachedFromTarget (C:\Users\CARLOC~1\AppData\Local\Temp\playwright-java-3290158117185149613\package\lib\server\chromium\crBrowser.js:183:14)
    at CRSession.emit (node:events:518:28)
    at C:\Users\CARLOC~1\AppData\Local\Temp\playwright-java-3290158117185149613\package\lib\server\chromium\crConnection.js:138:14
}
Call log:
-   - waiting for locator("//div//input[contains(@id, 'hobbies-checkbox-3')]")
-     - locator resolved to <input value="3" type="checkbox" id="hobbies-checkbox-3" class="custom-control-input"/>
-   - attempting click action
-     2 × waiting for element to be visible, enabled and stable
-       - element is visible, enabled and stable
-       - scrolling into view if needed
-       - done scrolling
-       - <label title="" for="hobbies-checkbox-3" class="custom-control-label">Music</label> intercepts pointer events
-     - retrying click action
-     - waiting 20ms
-     2 × waiting for element to be visible, enabled and stable
-       - element is visible, enabled and stable
-       - scrolling into view if needed
-       - done scrolling
-       - <label title="" for="hobbies-checkbox-3" class="custom-control-label">Music</label> intercepts pointer events
-     - retrying click action
-       - waiting 100ms
-     6 × waiting for element to be visible, enabled and stable
-       - element is visible, enabled and stable
-       - scrolling into view if needed
-       - done scrolling
-       - <label title="" for="hobbies-checkbox-3" class="custom-control-label">Music</label> intercepts pointer events
-     - retrying click action
-       - waiting 500ms

at com.microsoft.playwright.impl.Connection.dispatch(Connection.java:259)
at com.microsoft.playwright.impl.Connection.processOneMessage(Connection.java:214)
at com.microsoft.playwright.impl.ChannelOwner.runUntil(ChannelOwner.java:136)
... 32 more
]]>
    </error>
  </testcase> <!-- PRACTICEFORM -->
</testsuite> <!-- MainActions.DEMOQAActions -->
