<?xml version="1.0" encoding="UTF-8"?>
<!-- Generated by org.testng.reporters.JUnitReportReporter -->
<testsuite hostname="DESKTOP-QMFKGF1" failures="0" tests="1" name="tests.DEMOQA" time="52.148" errors="0" timestamp="2025-10-02T15:44:29 SGT" skipped="0">
  <testcase classname="tests.DEMOQA" name="CHECKBOX" time="52.148"/>
</testsuite> <!-- tests.DEMOQA -->
